  OS_03_02.cpp
C:\University\5_term\ОС\Lab03\Lab03\OS_03_02\OS_03_02.cpp(20,22): warning C4566: character represented by universal-character-name '\u0414' cannot be represented in the current code page (1252)
C:\University\5_term\ОС\Lab03\Lab03\OS_03_02\OS_03_02.cpp(20,22): warning C4566: character represented by universal-character-name '\u043E' cannot be represented in the current code page (1252)
C:\University\5_term\ОС\Lab03\Lab03\OS_03_02\OS_03_02.cpp(20,22): warning C4566: character represented by universal-character-name '\u0447' cannot be represented in the current code page (1252)
C:\University\5_term\ОС\Lab03\Lab03\OS_03_02\OS_03_02.cpp(20,22): warning C4566: character represented by universal-character-name '\u0435' cannot be represented in the current code page (1252)
C:\University\5_term\ОС\Lab03\Lab03\OS_03_02\OS_03_02.cpp(20,22): warning C4566: character represented by universal-character-name '\u0440' cannot be represented in the current code page (1252)
C:\University\5_term\ОС\Lab03\Lab03\OS_03_02\OS_03_02.cpp(20,22): warning C4566: character represented by universal-character-name '\u043D' cannot be represented in the current code page (1252)
C:\University\5_term\ОС\Lab03\Lab03\OS_03_02\OS_03_02.cpp(20,22): warning C4566: character represented by universal-character-name '\u0438' cannot be represented in the current code page (1252)
C:\University\5_term\ОС\Lab03\Lab03\OS_03_02\OS_03_02.cpp(20,22): warning C4566: character represented by universal-character-name '\u0439' cannot be represented in the current code page (1252)
C:\University\5_term\ОС\Lab03\Lab03\OS_03_02\OS_03_02.cpp(20,22): warning C4566: character represented by universal-character-name '\u043F' cannot be represented in the current code page (1252)
C:\University\5_term\ОС\Lab03\Lab03\OS_03_02\OS_03_02.cpp(20,22): warning C4566: character represented by universal-character-name '\u0446' cannot be represented in the current code page (1252)
C:\University\5_term\ОС\Lab03\Lab03\OS_03_02\OS_03_02.cpp(20,22): warning C4566: character represented by universal-character-name '\u0441' cannot be represented in the current code page (1252)
C:\University\5_term\ОС\Lab03\Lab03\OS_03_02\OS_03_02.cpp(20,22): warning C4566: character represented by universal-character-name '\u0437' cannot be represented in the current code page (1252)
C:\University\5_term\ОС\Lab03\Lab03\OS_03_02\OS_03_02.cpp(20,22): warning C4566: character represented by universal-character-name '\u0434' cannot be represented in the current code page (1252)
C:\University\5_term\ОС\Lab03\Lab03\OS_03_02\OS_03_02.cpp(20,22): warning C4566: character represented by universal-character-name '\u0430' cannot be represented in the current code page (1252)
C:\University\5_term\ОС\Lab03\Lab03\OS_03_02\OS_03_02.cpp(22,23): warning C4566: character represented by universal-character-name '\u0414' cannot be represented in the current code page (1252)
C:\University\5_term\ОС\Lab03\Lab03\OS_03_02\OS_03_02.cpp(22,23): warning C4566: character represented by universal-character-name '\u043E' cannot be represented in the current code page (1252)
C:\University\5_term\ОС\Lab03\Lab03\OS_03_02\OS_03_02.cpp(22,23): warning C4566: character represented by universal-character-name '\u0447' cannot be represented in the current code page (1252)
C:\University\5_term\ОС\Lab03\Lab03\OS_03_02\OS_03_02.cpp(22,23): warning C4566: character represented by universal-character-name '\u0435' cannot be represented in the current code page (1252)
C:\University\5_term\ОС\Lab03\Lab03\OS_03_02\OS_03_02.cpp(22,23): warning C4566: character represented by universal-character-name '\u0440' cannot be represented in the current code page (1252)
C:\University\5_term\ОС\Lab03\Lab03\OS_03_02\OS_03_02.cpp(22,23): warning C4566: character represented by universal-character-name '\u043D' cannot be represented in the current code page (1252)
C:\University\5_term\ОС\Lab03\Lab03\OS_03_02\OS_03_02.cpp(22,23): warning C4566: character represented by universal-character-name '\u0438' cannot be represented in the current code page (1252)
C:\University\5_term\ОС\Lab03\Lab03\OS_03_02\OS_03_02.cpp(22,23): warning C4566: character represented by universal-character-name '\u0439' cannot be represented in the current code page (1252)
C:\University\5_term\ОС\Lab03\Lab03\OS_03_02\OS_03_02.cpp(22,23): warning C4566: character represented by universal-character-name '\u043F' cannot be represented in the current code page (1252)
C:\University\5_term\ОС\Lab03\Lab03\OS_03_02\OS_03_02.cpp(22,23): warning C4566: character represented by universal-character-name '\u0446' cannot be represented in the current code page (1252)
C:\University\5_term\ОС\Lab03\Lab03\OS_03_02\OS_03_02.cpp(22,23): warning C4566: character represented by universal-character-name '\u0441' cannot be represented in the current code page (1252)
C:\University\5_term\ОС\Lab03\Lab03\OS_03_02\OS_03_02.cpp(22,23): warning C4566: character represented by universal-character-name '\u0437' cannot be represented in the current code page (1252)
C:\University\5_term\ОС\Lab03\Lab03\OS_03_02\OS_03_02.cpp(22,23): warning C4566: character represented by universal-character-name '\u0434' cannot be represented in the current code page (1252)
C:\University\5_term\ОС\Lab03\Lab03\OS_03_02\OS_03_02.cpp(22,23): warning C4566: character represented by universal-character-name '\u0430' cannot be represented in the current code page (1252)
C:\University\5_term\ОС\Lab03\Lab03\OS_03_02\OS_03_02.cpp(26,22): warning C4566: character represented by universal-character-name '\u0414' cannot be represented in the current code page (1252)
C:\University\5_term\ОС\Lab03\Lab03\OS_03_02\OS_03_02.cpp(26,22): warning C4566: character represented by universal-character-name '\u043E' cannot be represented in the current code page (1252)
C:\University\5_term\ОС\Lab03\Lab03\OS_03_02\OS_03_02.cpp(26,22): warning C4566: character represented by universal-character-name '\u0447' cannot be represented in the current code page (1252)
C:\University\5_term\ОС\Lab03\Lab03\OS_03_02\OS_03_02.cpp(26,22): warning C4566: character represented by universal-character-name '\u0435' cannot be represented in the current code page (1252)
C:\University\5_term\ОС\Lab03\Lab03\OS_03_02\OS_03_02.cpp(26,22): warning C4566: character represented by universal-character-name '\u0440' cannot be represented in the current code page (1252)
C:\University\5_term\ОС\Lab03\Lab03\OS_03_02\OS_03_02.cpp(26,22): warning C4566: character represented by universal-character-name '\u043D' cannot be represented in the current code page (1252)
C:\University\5_term\ОС\Lab03\Lab03\OS_03_02\OS_03_02.cpp(26,22): warning C4566: character represented by universal-character-name '\u0438' cannot be represented in the current code page (1252)
C:\University\5_term\ОС\Lab03\Lab03\OS_03_02\OS_03_02.cpp(26,22): warning C4566: character represented by universal-character-name '\u0439' cannot be represented in the current code page (1252)
C:\University\5_term\ОС\Lab03\Lab03\OS_03_02\OS_03_02.cpp(26,22): warning C4566: character represented by universal-character-name '\u043F' cannot be represented in the current code page (1252)
C:\University\5_term\ОС\Lab03\Lab03\OS_03_02\OS_03_02.cpp(26,22): warning C4566: character represented by universal-character-name '\u0446' cannot be represented in the current code page (1252)
C:\University\5_term\ОС\Lab03\Lab03\OS_03_02\OS_03_02.cpp(26,22): warning C4566: character represented by universal-character-name '\u0441' cannot be represented in the current code page (1252)
C:\University\5_term\ОС\Lab03\Lab03\OS_03_02\OS_03_02.cpp(26,22): warning C4566: character represented by universal-character-name '\u0437' cannot be represented in the current code page (1252)
C:\University\5_term\ОС\Lab03\Lab03\OS_03_02\OS_03_02.cpp(26,22): warning C4566: character represented by universal-character-name '\u0434' cannot be represented in the current code page (1252)
C:\University\5_term\ОС\Lab03\Lab03\OS_03_02\OS_03_02.cpp(26,22): warning C4566: character represented by universal-character-name '\u0430' cannot be represented in the current code page (1252)
C:\University\5_term\ОС\Lab03\Lab03\OS_03_02\OS_03_02.cpp(28,23): warning C4566: character represented by universal-character-name '\u0414' cannot be represented in the current code page (1252)
C:\University\5_term\ОС\Lab03\Lab03\OS_03_02\OS_03_02.cpp(28,23): warning C4566: character represented by universal-character-name '\u043E' cannot be represented in the current code page (1252)
C:\University\5_term\ОС\Lab03\Lab03\OS_03_02\OS_03_02.cpp(28,23): warning C4566: character represented by universal-character-name '\u0447' cannot be represented in the current code page (1252)
C:\University\5_term\ОС\Lab03\Lab03\OS_03_02\OS_03_02.cpp(28,23): warning C4566: character represented by universal-character-name '\u0435' cannot be represented in the current code page (1252)
C:\University\5_term\ОС\Lab03\Lab03\OS_03_02\OS_03_02.cpp(28,23): warning C4566: character represented by universal-character-name '\u0440' cannot be represented in the current code page (1252)
C:\University\5_term\ОС\Lab03\Lab03\OS_03_02\OS_03_02.cpp(28,23): warning C4566: character represented by universal-character-name '\u043D' cannot be represented in the current code page (1252)
C:\University\5_term\ОС\Lab03\Lab03\OS_03_02\OS_03_02.cpp(28,23): warning C4566: character represented by universal-character-name '\u0438' cannot be represented in the current code page (1252)
C:\University\5_term\ОС\Lab03\Lab03\OS_03_02\OS_03_02.cpp(28,23): warning C4566: character represented by universal-character-name '\u0439' cannot be represented in the current code page (1252)
C:\University\5_term\ОС\Lab03\Lab03\OS_03_02\OS_03_02.cpp(28,23): warning C4566: character represented by universal-character-name '\u043F' cannot be represented in the current code page (1252)
C:\University\5_term\ОС\Lab03\Lab03\OS_03_02\OS_03_02.cpp(28,23): warning C4566: character represented by universal-character-name '\u0446' cannot be represented in the current code page (1252)
C:\University\5_term\ОС\Lab03\Lab03\OS_03_02\OS_03_02.cpp(28,23): warning C4566: character represented by universal-character-name '\u0441' cannot be represented in the current code page (1252)
C:\University\5_term\ОС\Lab03\Lab03\OS_03_02\OS_03_02.cpp(28,23): warning C4566: character represented by universal-character-name '\u0437' cannot be represented in the current code page (1252)
C:\University\5_term\ОС\Lab03\Lab03\OS_03_02\OS_03_02.cpp(28,23): warning C4566: character represented by universal-character-name '\u0434' cannot be represented in the current code page (1252)
C:\University\5_term\ОС\Lab03\Lab03\OS_03_02\OS_03_02.cpp(28,23): warning C4566: character represented by universal-character-name '\u0430' cannot be represented in the current code page (1252)
  OS_03_02.vcxproj -> C:\University\5_term\ОС\Lab03\Lab03\x64\Debug\OS_03_02.exe
